<?xml version="1.0" encoding="UTF-8"?>
<!-- Generated by org.testng.reporters.JUnitXMLReporter -->
<testsuite ignored="2" hostname="DESKTOP-R3UI0I8" failures="0" tests="1" name="Default test" time="6.111" errors="0" timestamp="2025-01-07T20:51:48 IST">
  <testcase classname="com.qa.qaassessment.tests.RegistrationFormPageTest" name="basicUrlTest" time="0.049"/>
  <testcase classname="com.qa.qaassessment.tests.RegistrationFormPageTest" name="basicPageTitleTest" time="0.0">
    <ignored/>
  </testcase> <!-- basicPageTitleTest -->
  <testcase classname="com.qa.qaassessment.tests.RegistrationFormPageTest" name="addNewOrganizationTest" time="0.0">
    <ignored/>
  </testcase> <!-- addNewOrganizationTest -->
</testsuite> <!-- Default test -->
