<?xml version="1.0" encoding="UTF-8"?>
<!-- Generated by org.testng.reporters.JUnitXMLReporter -->
<testsuite ignored="0" hostname="DESKTOP-R3UI0I8" failures="0" tests="4" name="Basic Information Page" time="24.403" errors="0" timestamp="2025-01-08T14:51:38 IST">
  <testcase classname="com.qa.qaassessment.tests.BasicInfoPageTest" name="basicPageTitleTest" time="0.032"/>
  <testcase classname="com.qa.qaassessment.tests.BasicInfoPageTest" name="basicUrlTest" time="0.045"/>
  <testcase classname="com.qa.qaassessment.tests.BasicInfoPageTest" name="fillBasicInfoPageAndSaveTest" time="4.971"/>
  <testcase classname="com.qa.qaassessment.tests.BasicInfoPageTest" name="purposeOfAssessmentTest" time="0.197"/>
</testsuite> <!-- Basic Information Page -->
