<?xml version="1.0" encoding="UTF-8"?>
<!-- Generated by org.testng.reporters.JUnitXMLReporter -->
<testsuite ignored="0" hostname="DESKTOP-R3UI0I8" failures="0" tests="4" name="Basic Information" time="15.875" errors="0" timestamp="2025-01-06T17:29:10 IST">
  <testcase classname="com.qa.qaassessment.tests.BasicInfoPageTest" name="basicPageTitleTest" time="0.047"/>
  <testcase classname="com.qa.qaassessment.tests.BasicInfoPageTest" name="basicUrlTest" time="0.038"/>
  <testcase classname="com.qa.qaassessment.tests.BasicInfoPageTest" name="fillBasicInfoPageAndSaveTest" time="3.288"/>
  <testcase classname="com.qa.qaassessment.tests.BasicInfoPageTest" name="purposeOfAssessmentTest" time="0.501"/>
</testsuite> <!-- Basic Information -->
