<?xml version="1.0" encoding="UTF-8"?>
<!-- Generated by org.testng.reporters.JUnitXMLReporter -->
<testsuite ignored="0" hostname="DESKTOP-R3UI0I8" failures="0" tests="3" name="Questions Setting Page" time="22.336" errors="0" timestamp="2025-01-08T14:51:36 IST">
  <testcase classname="com.qa.qaassessment.tests.QuestionSettingsPageTest" name="basicPageTitleTest" time="0.065"/>
  <testcase classname="com.qa.qaassessment.tests.QuestionSettingsPageTest" name="basicUrlTest" time="0.039"/>
  <testcase classname="com.qa.qaassessment.tests.QuestionSettingsPageTest" name="fillQuestionSettingsPageAndSaveTest" time="4.583"/>
</testsuite> <!-- Questions Setting Page -->
