<?xml version="1.0" encoding="UTF-8"?>
<!-- Generated by org.testng.reporters.JUnitXMLReporter -->
<testsuite ignored="0" hostname="DESKTOP-R3UI0I8" failures="0" tests="3" name="Questions Setting Page" time="17.225" errors="0" timestamp="2025-01-06T17:29:11 IST">
  <testcase classname="com.qa.qaassessment.tests.QuestionSettingsPageTest" name="basicPageTitleTest" time="7.46"/>
  <testcase classname="com.qa.qaassessment.tests.QuestionSettingsPageTest" name="basicUrlTest" time="0.024"/>
  <testcase classname="com.qa.qaassessment.tests.QuestionSettingsPageTest" name="fillQuestionSettingsPageAndSaveTest" time="2.265"/>
</testsuite> <!-- Questions Setting Page -->
