<?xml version="1.0" encoding="UTF-8"?>
<!-- Generated by org.testng.reporters.JUnitXMLReporter -->
<testsuite ignored="0" hostname="DESKTOP-R3UI0I8" failures="0" tests="3" name="Registeration Form Page" time="26.278" errors="0" timestamp="2025-01-08T14:51:39 IST">
  <testcase classname="com.qa.qaassessment.tests.RegistrationFormPageTest" name="addNewOrganizationTest" time="6.194"/>
  <testcase classname="com.qa.qaassessment.tests.RegistrationFormPageTest" name="basicPageTitleTest" time="0.016"/>
  <testcase classname="com.qa.qaassessment.tests.RegistrationFormPageTest" name="basicUrlTest" time="0.014"/>
</testsuite> <!-- Registeration Form Page -->
