<?xml version="1.0" encoding="UTF-8"?>
<testng-results ignored="0" total="10" passed="10" failed="0" skipped="0">
  <reporter-output>
  </reporter-output>
  <suite started-at="2025-01-08T14:51:13 IST" name="Unstop QA Assessment Regression suite" finished-at="2025-01-08T14:51:39 IST" duration-ms="26279">
    <groups>
    </groups>
    <test started-at="2025-01-08T14:51:13 IST" name="Questions Setting Page" finished-at="2025-01-08T14:51:35 IST" duration-ms="22336">
      <class name="com.qa.qaassessment.tests.QuestionSettingsPageTest">
        <test-method is-config="true" signature="setUp(java.lang.String,java.lang.String)[pri:0, instance:com.qa.qaassessment.tests.QuestionSettingsPageTest@7c137fd5]" started-at="2025-01-08T14:51:13 IST" name="setUp" finished-at="2025-01-08T14:51:30 IST" duration-ms="16764" status="PASS">
          <params>
            <param index="0">
              <value>
                <![CDATA[http://qa-assesments.unstop.events.s3-website.ap-south-1.amazonaws.com/basic]]>
              </value>
            </param>
            <param index="1">
              <value>
                <![CDATA[chrome]]>
              </value>
            </param>
          </params>
          <reporter-output>
          </reporter-output>
        </test-method> <!-- setUp -->
        <test-method signature="basicPageTitleTest()[pri:0, instance:com.qa.qaassessment.tests.QuestionSettingsPageTest@7c137fd5]" started-at="2025-01-08T14:51:30 IST" name="basicPageTitleTest" finished-at="2025-01-08T14:51:30 IST" duration-ms="65" status="PASS">
          <reporter-output>
          </reporter-output>
        </test-method> <!-- basicPageTitleTest -->
        <test-method signature="basicUrlTest()[pri:0, instance:com.qa.qaassessment.tests.QuestionSettingsPageTest@7c137fd5]" started-at="2025-01-08T14:51:30 IST" name="basicUrlTest" finished-at="2025-01-08T14:51:30 IST" duration-ms="39" status="PASS">
          <reporter-output>
          </reporter-output>
        </test-method> <!-- basicUrlTest -->
        <test-method signature="fillQuestionSettingsPageAndSaveTest()[pri:0, instance:com.qa.qaassessment.tests.QuestionSettingsPageTest@7c137fd5]" started-at="2025-01-08T14:51:30 IST" name="fillQuestionSettingsPageAndSaveTest" finished-at="2025-01-08T14:51:35 IST" duration-ms="4583" status="PASS">
          <reporter-output>
          </reporter-output>
        </test-method> <!-- fillQuestionSettingsPageAndSaveTest -->
        <test-method is-config="true" signature="tearDown()[pri:0, instance:com.qa.qaassessment.tests.QuestionSettingsPageTest@7c137fd5]" started-at="2025-01-08T14:51:35 IST" name="tearDown" finished-at="2025-01-08T14:51:35 IST" duration-ms="731" status="PASS">
          <reporter-output>
          </reporter-output>
        </test-method> <!-- tearDown -->
      </class> <!-- com.qa.qaassessment.tests.QuestionSettingsPageTest -->
    </test> <!-- Questions Setting Page -->
    <test started-at="2025-01-08T14:51:13 IST" name="Basic Information Page" finished-at="2025-01-08T14:51:38 IST" duration-ms="24403">
      <class name="com.qa.qaassessment.tests.BasicInfoPageTest">
        <test-method is-config="true" signature="setUp(java.lang.String,java.lang.String)[pri:0, instance:com.qa.qaassessment.tests.BasicInfoPageTest@7161d8d1]" started-at="2025-01-08T14:51:13 IST" name="setUp" finished-at="2025-01-08T14:51:32 IST" duration-ms="18769" status="PASS">
          <params>
            <param index="0">
              <value>
                <![CDATA[https://qa-assesments.unstop.events/basic]]>
              </value>
            </param>
            <param index="1">
              <value>
                <![CDATA[chrome]]>
              </value>
            </param>
          </params>
          <reporter-output>
          </reporter-output>
        </test-method> <!-- setUp -->
        <test-method signature="basicPageTitleTest()[pri:0, instance:com.qa.qaassessment.tests.BasicInfoPageTest@7161d8d1]" started-at="2025-01-08T14:51:32 IST" name="basicPageTitleTest" finished-at="2025-01-08T14:51:32 IST" duration-ms="32" status="PASS">
          <reporter-output>
          </reporter-output>
        </test-method> <!-- basicPageTitleTest -->
        <test-method signature="basicUrlTest()[pri:0, instance:com.qa.qaassessment.tests.BasicInfoPageTest@7161d8d1]" started-at="2025-01-08T14:51:32 IST" name="basicUrlTest" finished-at="2025-01-08T14:51:32 IST" duration-ms="45" status="PASS">
          <reporter-output>
          </reporter-output>
        </test-method> <!-- basicUrlTest -->
        <test-method signature="fillBasicInfoPageAndSaveTest()[pri:0, instance:com.qa.qaassessment.tests.BasicInfoPageTest@7161d8d1]" started-at="2025-01-08T14:51:32 IST" name="fillBasicInfoPageAndSaveTest" finished-at="2025-01-08T14:51:37 IST" duration-ms="4971" status="PASS">
          <reporter-output>
          </reporter-output>
        </test-method> <!-- fillBasicInfoPageAndSaveTest -->
        <test-method signature="purposeOfAssessmentTest()[pri:0, instance:com.qa.qaassessment.tests.BasicInfoPageTest@7161d8d1]" started-at="2025-01-08T14:51:37 IST" name="purposeOfAssessmentTest" finished-at="2025-01-08T14:51:37 IST" duration-ms="197" status="PASS">
          <reporter-output>
          </reporter-output>
        </test-method> <!-- purposeOfAssessmentTest -->
        <test-method is-config="true" signature="tearDown()[pri:0, instance:com.qa.qaassessment.tests.BasicInfoPageTest@7161d8d1]" started-at="2025-01-08T14:51:37 IST" name="tearDown" finished-at="2025-01-08T14:51:38 IST" duration-ms="330" status="PASS">
          <reporter-output>
          </reporter-output>
        </test-method> <!-- tearDown -->
      </class> <!-- com.qa.qaassessment.tests.BasicInfoPageTest -->
    </test> <!-- Basic Information Page -->
    <test started-at="2025-01-08T14:51:13 IST" name="Registeration Form Page" finished-at="2025-01-08T14:51:39 IST" duration-ms="26278">
      <class name="com.qa.qaassessment.tests.RegistrationFormPageTest">
        <test-method is-config="true" signature="setUp(java.lang.String,java.lang.String)[pri:0, instance:com.qa.qaassessment.tests.RegistrationFormPageTest@4d1c005e]" started-at="2025-01-08T14:51:13 IST" name="setUp" finished-at="2025-01-08T14:51:33 IST" duration-ms="19699" status="PASS">
          <params>
            <param index="0">
              <value>
                <![CDATA[http://qa-assesments.unstop.events.s3-website.ap-south-1.amazonaws.com/basic]]>
              </value>
            </param>
            <param index="1">
              <value>
                <![CDATA[chrome]]>
              </value>
            </param>
          </params>
          <reporter-output>
          </reporter-output>
        </test-method> <!-- setUp -->
        <test-method signature="addNewOrganizationTest()[pri:0, instance:com.qa.qaassessment.tests.RegistrationFormPageTest@4d1c005e]" started-at="2025-01-08T14:51:33 IST" name="addNewOrganizationTest" finished-at="2025-01-08T14:51:39 IST" duration-ms="6194" status="PASS">
          <reporter-output>
          </reporter-output>
        </test-method> <!-- addNewOrganizationTest -->
        <test-method signature="basicPageTitleTest()[pri:0, instance:com.qa.qaassessment.tests.RegistrationFormPageTest@4d1c005e]" started-at="2025-01-08T14:51:39 IST" name="basicPageTitleTest" finished-at="2025-01-08T14:51:39 IST" duration-ms="16" status="PASS">
          <reporter-output>
          </reporter-output>
        </test-method> <!-- basicPageTitleTest -->
        <test-method signature="basicUrlTest()[pri:0, instance:com.qa.qaassessment.tests.RegistrationFormPageTest@4d1c005e]" started-at="2025-01-08T14:51:39 IST" name="basicUrlTest" finished-at="2025-01-08T14:51:39 IST" duration-ms="14" status="PASS">
          <reporter-output>
          </reporter-output>
        </test-method> <!-- basicUrlTest -->
        <test-method is-config="true" signature="tearDown()[pri:0, instance:com.qa.qaassessment.tests.RegistrationFormPageTest@4d1c005e]" started-at="2025-01-08T14:51:39 IST" name="tearDown" finished-at="2025-01-08T14:51:39 IST" duration-ms="292" status="PASS">
          <reporter-output>
          </reporter-output>
        </test-method> <!-- tearDown -->
      </class> <!-- com.qa.qaassessment.tests.RegistrationFormPageTest -->
    </test> <!-- Registeration Form Page -->
  </suite> <!-- Unstop QA Assessment Regression suite -->
</testng-results>
